1685392930968:hello
1685392933916:help
1685407925681:load-from-csv status unpath
1685408060451:help
1685408070827:load-from-csv status xd
1685408162474:load-from-csv constructorstanding xd
1685408426809:load-from-csv constructor xd
1685409656702:help
1685409666481:load-from-csv status xd
1685409677898:load-from-csv constructor xd
1685409970522:laod-from-csb
1685409975310:load-from-csb
1685409984784:load-from-csv constructor xd
1685410181976:load-from-csv
1685410191416:load-from-csv status xd
1685410313697:load-from-csv constructor algo
1685410335683:load-from-csv status algo
1685410347342:load-from-csv lap_time algo
1685410400848:load-from-csv constructor algo
1685410434915:help
1685410469965:load-from-csv constructor patharchivo
1685411483776:help
1685815224078:load-from-csv status src/f1/database/status.csv
1685815359542:help
1685815383665:load-from-csv status ./src/f1-database/status.csv
1685815517288:help
1685815533955:load-from-csv status ./src/f1-database/status.csv
1685815943649:/help
1685815945717:help
1685815989718:connect root, javon, jdbc:mysql://localhost:3306/ObligatorioBD
1685816057542:connect root javon jdbc:mysql://localhost:3306/ObligatorioBD
1685816076681:help
1685816085490:connect root javon jdbc:mysql://localhost:3306/ObligatorioBD
1685816613084:help
1685816631821:connect root javon jdbc:mysql://localhost:3306/ObligatorioBD
1685816654160:history
1685816673178:clear
1685816694956:connect root javon jdbc:mysql://localhost:3306/ObligatorioBD
1685817029574:help
1685817041390:load-from-csv status ./src/f1-database/status.csv
1685817208136:connect root javon jdbc:mysql://localhost:3306/ObligatorioBD
1685817236184:load-from-csv status ./src/f1-database/status.csv
1685817323890:help
1685817341766:connect root javon jdbc:mysql://localhost:3306/ObligatorioBD
1685817359901:load-from-csv status ./src/f1-database/status.csv
1685818916440:help
1685818922896:connect root javon public static void escribirArchivo(String nombreCompletoArchivo, String[] listaLineasArchivo) {
1685818962681:connect root javon jdbc:mysql://localhost:3306/ObligatorioBD
1685818988678:load-from-csv status ./src/f1-database/status.csv
1685819041229:load-from-csv status
1685819054379:clear
1685819815784:load-from-csv status ./src/f1-database/status.csv
1685819858039:connect root javon jdbc:mysql://localhost:3306/ObligatorioBD
1685819877387:load-from-csv status ./src/f1-database/status.csv
1685820848844:connect root javon jdbc:mysql://localhost:3306/ObligatorioBD
1685820919393:connect asdsad
1685820924904:connect root javon jdbc:mysql://localhost:3306/ObligatorioBD
1685822466708:help
1685822475146:connect
1685822513092:help
1685822517183:connect
1685822694542:help
1685822698132:connect
1685822760354:help
1685822762924:connect
1685822803840:disconnect
1685822823932:connect root javon jdbc:mysql://localhost:3306/ObligatorioBD
1685822848039:connect
1686923638233:load-from-csv seasons ./src/f1-database/seasons.csv
1686923880694:connect
1686923892851:load-from-csv seasons ./src/f1-database/seasons.csv
1686925752339:connect
1686925765893:load-from-csv circuits ./src/f1-database/circuits.csv
1686927392002:connect
1686927405068:load-from-csv drivers ./src/f1-database/drivers.csv
1686927495263:connect
1686927512403:load-from-csv drivers ./src/f1-database/drivers.csv
1686927638910:connect
1686927640478:load-from-csv drivers ./src/f1-database/drivers.csv
1686927684337:connect
1686927685881:load-from-csv drivers ./src/f1-database/drivers.csv
1686928073440:connect
1686928078226:load-from-csv drivers ./src/f1-database/drivers.csv
1686928134144:connect
1686928136070:load-from-csv drivers ./src/f1-database/drivers.csv
1686928190071:connect
1686928191377:load-from-csv drivers ./src/f1-database/drivers.csv
1686928312497:connect
1686928314701:load-from-csv drivers ./src/f1-database/drivers.csv
1686928435351:connect
1686928439641:load-from-csv drivers ./src/f1-database/drivers.csv
1686928540828:connect
1686928542865:load-from-csv drivers ./src/f1-database/drivers.csv
1687452568502:connect
1687452583948:load-from-csv status ./src/f1-database/status.csv
1687452604339:load-from-csv seasons ./src/f1-database/seasons.csv
1687452662383:load-from-csv circuits ./src/f1-database/circuits.csv
1687452730078:load-from-csv drivers ./src/f1-database/drivers.csv
1687452780248:load-from-csv constructors ./src/f1-database/constructors.csv
1687452977798:load-from-csv races ./src/f1-database/races.csv
1687453138447:connect
1687453148800:load-from-csv races ./src/f1-database/races.csv
1687453210547:connect
1687453215164:load-from-csv races ./src/f1-database/races.csv
1687453745333:connect
1687453749283:load-from-csv races ./src/f1-database/races.csv
1687453793375:connect
1687453797646:load-from-csv races ./src/f1-database/races.csv
1687453910053:connect
1687453916114:load-from-csv races ./src/f1-database/races.csv
1687453987053:connect
1687453991245:load-from-csv races ./src/f1-database/races.csv
1687454258849:connect
1687454278777:load-from-csv races ./src/f1-database/races.csv
1687454638152:load-from-csv drivers ./src/f1-database/drivers.csv
1687454742071:connect
1687454747998:load-from-csv drivers ./src/f1-database/drivers.csv
1687455388714:load-from-csv pit_stops ./src/f1-database/pit_stops.csv
1687455496228:connect
1687455497856:load-from-csv pit_stops ./src/f1-database/pit_stops.csv
1687455697783:load-from-csv qualifying ./src/f1-database/qualifying.csv
1687455918493:load-from-csv results ./src/f1-database/results.csv
1687455987911:load-from-csv Results ./src/f1-database/results.csv
1687456031295:connect
1687456038837:load-from-csv results ./src/f1-database/results.csv
1687456139589:connect
1687456145457:load-from-csv results ./src/f1-database/results.csv
1687456459678:connect
1687456472046:load-from-csv results ./src/f1-database/results.csv
1687456564623:connect
1687456572023:load-from-csv results ./src/f1-database/results.csv
1687457257161:connect
1687457272203:laod-from-csv results ./src/f1-database/results.csv
1687457305407:load-from-csv results ./src/f1-database/results.csv
1687457915538:load-from-csv sprint_results ./src/f1-database/sprint_results.csv
1687457949952:load-from-csv driver_standings ./src/f1-database/driver_standings.csv
1687458290045:connect
1687458316232:load-from-csv driver_standings ./src/f1-database/driver_standings.csv
1687534783652:connect
1687534917423:load-from-csv constructor_results ./src/f1-database/constuctor_results.csv
1687534974247:load-from-csv constructor_results ./src/f1-database/constructor_results.csv
1687535209313:load-from-csv constructor_standings ./src/f1-database/constructor_standings.csv
1687535448208:load-from-csv lap_times ./src/f1-database/lap_times.csv
1687535565606:connect
1687535586544:load-from-csv lap_times ./src/f1-database/lap_times.csv
1687535774886:connnect
1687535777695:connect
1687535783534:load-from-csv lap_times ./src/f1-database/lap_times.csv
1687614192650:connect
1687614198632:load-from-csv lap_times ./src/f1-database/lap_times.csv
1687625258795:help
1687657964788:SELECT forename, surname, COUNT(*) AS appearances
1687657964802:FROM (
1687657964858:) AS subquery
1687657964860:WHERE row_num = 1
1687657964864:GROUP BY forename, surname
1687657989315:ORDER BY appearances DESC;select * from Drivers
1687658007648:select * from Drivers
1687658290780:select a a a a a a a a
1687659350662:help
1687659356105:connect
1687659359562:test-connection
1687659367312:get-answer 1
1687659426410:connect
1687659429660:test-connection
1687659434037:get-answer 1
1687659453078:connect
1687659456279:get-answer 1
1687659483790:connect
1687659486854:get-answer 1
1687659492434:get-asnwer 2
1687659495801:get-answer 2
1687659505272:get-answer 3
1687659566188:connect
1687659569145:get-answer 3
1687659572893:get-answer 4
1687659581848:get-answer 5
1687659591723:get-answer 6
1687659598090:get-answer 7
1687659602799:get-answer 8
1687659608421:help
1687659629456:send-select "SELECT * FROM Drivers;"
1687659649621:send-select SELECT * FROM Drivers
1687659672896:send-select SELECT
1687659688011:send-select-query SELECT * FROM Drivers
1687659700893:send-select-query SELECT * FROM Drivers;
1687659711298:send-select-query SELECT * FROM Drivers
1687659725023:connect
1687659730833:send-select-query "SELECT * FROM Drivers"
1687659810225:connect
1687659811712:send-select-query "SELECT * FROM Drivers"
1687660099512:connect
1687660100492:send-select-query "SELECT * FROM Drivers"
